# JRE version: OpenJDK Runtime Environment Temurin-17.0.10+7 (17.0.10+7) (build 17.0.10+7)
# Java VM: OpenJDK 64-Bit Server VM Temurin-17.0.10+7 (17.0.10+7, mixed mode, emulated-client, tiered, compressed oops, compressed class ptrs, g1 gc, windows-amd64)
GC Precious Log:
 CPUs: 8 total, 8 available
 Memory: 7973M
 Large Page Support: Disabled
 NUMA Support: Disabled
 Compressed Oops: Enabled (32-bit)
 Heap Region Size: 1M
 Heap Min Capacity: 8M
 Heap Initial Capacity: 126M
 Heap Max Capacity: 1G
 Pre-touch: Disabled
 Parallel Workers: 8
 Concurrent Workers: 2
 Concurrent Refinement Workers: 8
 Periodic GC: Disabled
Heap:
 garbage-first heap   total 133120K, used 44507K [0x00000000c0000000, 0x0000000100000000)
  region size 1024K, 1 young (1024K), 0 survivors (0K)
 Metaspace       used 59862K, committed 60352K, reserved 1114112K
  class space    used 7499K, committed 7744K, reserved 1048576K
GC Heap History (20 events):
Event: 9135.826 GC heap before
{Heap before GC invocations=764 (full 584):
 garbage-first heap   total 133120K, used 44507K [0x00000000c0000000, 0x0000000100000000)
  region size 1024K, 1 young (1024K), 0 survivors (0K)
 Metaspace       used 59862K, committed 60352K, reserved 1114112K
  class space    used 7499K, committed 7744K, reserved 1048576K
}
Event: 9135.869 GC heap after
{Heap after GC invocations=765 (full 585):
 garbage-first heap   total 133120K, used 44507K [0x00000000c0000000, 0x0000000100000000)
  region size 1024K, 0 young (0K), 0 survivors (0K)
 Metaspace       used 59862K, committed 60352K, reserved 1114112K
  class space    used 7499K, committed 7744K, reserved 1048576K
}
Event: 9146.003 GC heap before
{Heap before GC invocations=765 (full 585):
 garbage-first heap   total 133120K, used 44507K [0x00000000c0000000, 0x0000000100000000)
  region size 1024K, 1 young (1024K), 0 survivors (0K)
 Metaspace       used 59862K, committed 60352K, reserved 1114112K
  class space    used 7499K, committed 7744K, reserved 1048576K
}
Event: 9146.040 GC heap after
{Heap after GC invocations=766 (full 586):
 garbage-first heap   total 133120K, used 44507K [0x00000000c0000000, 0x0000000100000000)
  region size 1024K, 0 young (0K), 0 survivors (0K)
 Metaspace       used 59862K, committed 60352K, reserved 1114112K
  class space    used 7499K, committed 7744K, reserved 1048576K
}
Event: 9156.191 GC heap before
{Heap before GC invocations=766 (full 586):
 garbage-first heap   total 133120K, used 44507K [0x00000000c0000000, 0x0000000100000000)
  region size 1024K, 1 young (1024K), 0 survivors (0K)
 Metaspace       used 59862K, committed 60352K, reserved 1114112K
  class space    used 7499K, committed 7744K, reserved 1048576K
}
Event: 9156.239 GC heap after
{Heap after GC invocations=767 (full 587):
 garbage-first heap   total 133120K, used 44507K [0x00000000c0000000, 0x0000000100000000)
  region size 1024K, 0 young (0K), 0 survivors (0K)
 Metaspace       used 59862K, committed 60352K, reserved 1114112K
  class space    used 7499K, committed 7744K, reserved 1048576K
}
Event: 9166.405 GC heap before
{Heap before GC invocations=767 (full 587):
 garbage-first heap   total 133120K, used 44507K [0x00000000c0000000, 0x0000000100000000)
  region size 1024K, 1 young (1024K), 0 survivors (0K)
 Metaspace       used 59862K, committed 60352K, reserved 1114112K
  class space    used 7499K, committed 7744K, reserved 1048576K
}
Event: 9166.447 GC heap after
{Heap after GC invocations=768 (full 588):
 garbage-first heap   total 133120K, used 44507K [0x00000000c0000000, 0x0000000100000000)
  region size 1024K, 0 young (0K), 0 survivors (0K)
 Metaspace       used 59862K, committed 60352K, reserved 1114112K
  class space    used 7499K, committed 7744K, reserved 1048576K
}
Event: 9176.582 GC heap before
{Heap before GC invocations=768 (full 588):
 garbage-first heap   total 133120K, used 44507K [0x00000000c0000000, 0x0000000100000000)
  region size 1024K, 1 young (1024K), 0 survivors (0K)
 Metaspace       used 59862K, committed 60352K, reserved 1114112K
  class space    used 7499K, committed 7744K, reserved 1048576K
}
Event: 9176.623 GC heap after
{Heap after GC invocations=769 (full 589):
 garbage-first heap   total 133120K, used 44507K [0x00000000c0000000, 0x0000000100000000)
  region size 1024K, 0 young (0K), 0 survivors (0K)
 Metaspace       used 59862K, committed 60352K, reserved 1114112K
  class space    used 7499K, committed 7744K, reserved 1048576K
}
Event: 9186.748 GC heap before
{Heap before GC invocations=769 (full 589):
 garbage-first heap   total 133120K, used 44507K [0x00000000c0000000, 0x0000000100000000)
  region size 1024K, 1 young (1024K), 0 survivors (0K)
 Metaspace       used 59862K, committed 60352K, reserved 1114112K
  class space    used 7499K, committed 7744K, reserved 1048576K
}
Event: 9186.786 GC heap after
{Heap after GC invocations=770 (full 590):
 garbage-first heap   total 133120K, used 44507K [0x00000000c0000000, 0x0000000100000000)
  region size 1024K, 0 young (0K), 0 survivors (0K)
 Metaspace       used 59862K, committed 60352K, reserved 1114112K
  class space    used 7499K, committed 7744K, reserved 1048576K
}
Event: 9196.938 GC heap before
{Heap before GC invocations=770 (full 590):
 garbage-first heap   total 133120K, used 44507K [0x00000000c0000000, 0x0000000100000000)
  region size 1024K, 1 young (1024K), 0 survivors (0K)
 Metaspace       used 59862K, committed 60352K, reserved 1114112K
  class space    used 7499K, committed 7744K, reserved 1048576K
}
Event: 9196.989 GC heap after
{Heap after GC invocations=771 (full 591):
 garbage-first heap   total 133120K, used 44507K [0x00000000c0000000, 0x0000000100000000)
  region size 1024K, 0 young (0K), 0 survivors (0K)
 Metaspace       used 59862K, committed 60352K, reserved 1114112K
  class space    used 7499K, committed 7744K, reserved 1048576K
}
Event: 9207.154 GC heap before
{Heap before GC invocations=771 (full 591):
 garbage-first heap   total 133120K, used 44507K [0x00000000c0000000, 0x0000000100000000)
  region size 1024K, 1 young (1024K), 0 survivors (0K)
 Metaspace       used 59862K, committed 60352K, reserved 1114112K
  class space    used 7499K, committed 7744K, reserved 1048576K
}
Event: 9207.209 GC heap after
{Heap after GC invocations=772 (full 592):
 garbage-first heap   total 133120K, used 44507K [0x00000000c0000000, 0x0000000100000000)
  region size 1024K, 0 young (0K), 0 survivors (0K)
 Metaspace       used 59862K, committed 60352K, reserved 1114112K
  class space    used 7499K, committed 7744K, reserved 1048576K
}
Event: 9217.373 GC heap before
{Heap before GC invocations=772 (full 592):
 garbage-first heap   total 133120K, used 44507K [0x00000000c0000000, 0x0000000100000000)
  region size 1024K, 1 young (1024K), 0 survivors (0K)
 Metaspace       used 59862K, committed 60352K, reserved 1114112K
  class space    used 7499K, committed 7744K, reserved 1048576K
}
Event: 9217.421 GC heap after
{Heap after GC invocations=773 (full 593):
 garbage-first heap   total 133120K, used 44507K [0x00000000c0000000, 0x0000000100000000)
  region size 1024K, 0 young (0K), 0 survivors (0K)
 Metaspace       used 59862K, committed 60352K, reserved 1114112K
  class space    used 7499K, committed 7744K, reserved 1048576K
}
Event: 9227.594 GC heap before
{Heap before GC invocations=773 (full 593):
 garbage-first heap   total 133120K, used 44507K [0x00000000c0000000, 0x0000000100000000)
  region size 1024K, 1 young (1024K), 0 survivors (0K)
 Metaspace       used 59862K, committed 60352K, reserved 1114112K
  class space    used 7499K, committed 7744K, reserved 1048576K
}
Event: 9227.645 GC heap after
{Heap after GC invocations=774 (full 594):
 garbage-first heap   total 133120K, used 44507K [0x00000000c0000000, 0x0000000100000000)
  region size 1024K, 0 young (0K), 0 survivors (0K)
 Metaspace       used 59862K, committed 60352K, reserved 1114112K
  class space    used 7499K, committed 7744K, reserved 1048576K
}

