# JRE version: OpenJDK Runtime Environment Temurin-17.0.10+7 (17.0.10+7) (build 17.0.10+7)
# Java VM: OpenJDK 64-Bit Server VM Temurin-17.0.10+7 (17.0.10+7, mixed mode, emulated-client, tiered, compressed oops, compressed class ptrs, g1 gc, windows-amd64)
GC Precious Log:
 CPUs: 8 total, 8 available
 Memory: 7973M
 Large Page Support: Disabled
 NUMA Support: Disabled
 Compressed Oops: Enabled (32-bit)
 Heap Region Size: 1M
 Heap Min Capacity: 8M
 Heap Initial Capacity: 126M
 Heap Max Capacity: 1G
 Pre-touch: Disabled
 Parallel Workers: 8
 Concurrent Workers: 2
 Concurrent Refinement Workers: 8
 Periodic GC: Disabled
Heap:
 garbage-first heap   total 102400K, used 38704K [0x00000000c0000000, 0x0000000100000000)
  region size 1024K, 9 young (9216K), 0 survivors (0K)
 Metaspace       used 59198K, committed 59584K, reserved 1114112K
  class space    used 7389K, committed 7552K, reserved 1048576K
GC Heap History (20 events):
Event: 14879.440 GC heap before
{Heap before GC invocations=1006 (full 942):
 garbage-first heap   total 102400K, used 30512K [0x00000000c0000000, 0x0000000100000000)
  region size 1024K, 1 young (1024K), 0 survivors (0K)
 Metaspace       used 59198K, committed 59584K, reserved 1114112K
  class space    used 7389K, committed 7552K, reserved 1048576K
}
Event: 14879.475 GC heap after
{Heap after GC invocations=1007 (full 943):
 garbage-first heap   total 102400K, used 30512K [0x00000000c0000000, 0x0000000100000000)
  region size 1024K, 0 young (0K), 0 survivors (0K)
 Metaspace       used 59198K, committed 59584K, reserved 1114112K
  class space    used 7389K, committed 7552K, reserved 1048576K
}
Event: 14889.615 GC heap before
{Heap before GC invocations=1007 (full 943):
 garbage-first heap   total 102400K, used 30512K [0x00000000c0000000, 0x0000000100000000)
  region size 1024K, 1 young (1024K), 0 survivors (0K)
 Metaspace       used 59198K, committed 59584K, reserved 1114112K
  class space    used 7389K, committed 7552K, reserved 1048576K
}
Event: 14889.647 GC heap after
{Heap after GC invocations=1008 (full 944):
 garbage-first heap   total 102400K, used 30512K [0x00000000c0000000, 0x0000000100000000)
  region size 1024K, 0 young (0K), 0 survivors (0K)
 Metaspace       used 59198K, committed 59584K, reserved 1114112K
  class space    used 7389K, committed 7552K, reserved 1048576K
}
Event: 14899.845 GC heap before
{Heap before GC invocations=1008 (full 944):
 garbage-first heap   total 102400K, used 30512K [0x00000000c0000000, 0x0000000100000000)
  region size 1024K, 1 young (1024K), 0 survivors (0K)
 Metaspace       used 59198K, committed 59584K, reserved 1114112K
  class space    used 7389K, committed 7552K, reserved 1048576K
}
Event: 14899.878 GC heap after
{Heap after GC invocations=1009 (full 945):
 garbage-first heap   total 102400K, used 30512K [0x00000000c0000000, 0x0000000100000000)
  region size 1024K, 0 young (0K), 0 survivors (0K)
 Metaspace       used 59198K, committed 59584K, reserved 1114112K
  class space    used 7389K, committed 7552K, reserved 1048576K
}
Event: 14910.020 GC heap before
{Heap before GC invocations=1009 (full 945):
 garbage-first heap   total 102400K, used 30512K [0x00000000c0000000, 0x0000000100000000)
  region size 1024K, 1 young (1024K), 0 survivors (0K)
 Metaspace       used 59198K, committed 59584K, reserved 1114112K
  class space    used 7389K, committed 7552K, reserved 1048576K
}
Event: 14910.052 GC heap after
{Heap after GC invocations=1010 (full 946):
 garbage-first heap   total 102400K, used 30512K [0x00000000c0000000, 0x0000000100000000)
  region size 1024K, 0 young (0K), 0 survivors (0K)
 Metaspace       used 59198K, committed 59584K, reserved 1114112K
  class space    used 7389K, committed 7552K, reserved 1048576K
}
Event: 14920.194 GC heap before
{Heap before GC invocations=1010 (full 946):
 garbage-first heap   total 102400K, used 30512K [0x00000000c0000000, 0x0000000100000000)
  region size 1024K, 1 young (1024K), 0 survivors (0K)
 Metaspace       used 59198K, committed 59584K, reserved 1114112K
  class space    used 7389K, committed 7552K, reserved 1048576K
}
Event: 14920.227 GC heap after
{Heap after GC invocations=1011 (full 947):
 garbage-first heap   total 102400K, used 30512K [0x00000000c0000000, 0x0000000100000000)
  region size 1024K, 0 young (0K), 0 survivors (0K)
 Metaspace       used 59198K, committed 59584K, reserved 1114112K
  class space    used 7389K, committed 7552K, reserved 1048576K
}
Event: 14930.381 GC heap before
{Heap before GC invocations=1011 (full 947):
 garbage-first heap   total 102400K, used 30512K [0x00000000c0000000, 0x0000000100000000)
  region size 1024K, 1 young (1024K), 0 survivors (0K)
 Metaspace       used 59198K, committed 59584K, reserved 1114112K
  class space    used 7389K, committed 7552K, reserved 1048576K
}
Event: 14930.413 GC heap after
{Heap after GC invocations=1012 (full 948):
 garbage-first heap   total 102400K, used 30512K [0x00000000c0000000, 0x0000000100000000)
  region size 1024K, 0 young (0K), 0 survivors (0K)
 Metaspace       used 59198K, committed 59584K, reserved 1114112K
  class space    used 7389K, committed 7552K, reserved 1048576K
}
Event: 14940.598 GC heap before
{Heap before GC invocations=1012 (full 948):
 garbage-first heap   total 102400K, used 30512K [0x00000000c0000000, 0x0000000100000000)
  region size 1024K, 1 young (1024K), 0 survivors (0K)
 Metaspace       used 59198K, committed 59584K, reserved 1114112K
  class space    used 7389K, committed 7552K, reserved 1048576K
}
Event: 14940.640 GC heap after
{Heap after GC invocations=1013 (full 949):
 garbage-first heap   total 102400K, used 30512K [0x00000000c0000000, 0x0000000100000000)
  region size 1024K, 0 young (0K), 0 survivors (0K)
 Metaspace       used 59198K, committed 59584K, reserved 1114112K
  class space    used 7389K, committed 7552K, reserved 1048576K
}
Event: 14950.857 GC heap before
{Heap before GC invocations=1013 (full 949):
 garbage-first heap   total 102400K, used 30512K [0x00000000c0000000, 0x0000000100000000)
  region size 1024K, 1 young (1024K), 0 survivors (0K)
 Metaspace       used 59198K, committed 59584K, reserved 1114112K
  class space    used 7389K, committed 7552K, reserved 1048576K
}
Event: 14950.908 GC heap after
{Heap after GC invocations=1014 (full 950):
 garbage-first heap   total 102400K, used 30512K [0x00000000c0000000, 0x0000000100000000)
  region size 1024K, 0 young (0K), 0 survivors (0K)
 Metaspace       used 59198K, committed 59584K, reserved 1114112K
  class space    used 7389K, committed 7552K, reserved 1048576K
}
Event: 14961.047 GC heap before
{Heap before GC invocations=1014 (full 950):
 garbage-first heap   total 102400K, used 30512K [0x00000000c0000000, 0x0000000100000000)
  region size 1024K, 1 young (1024K), 0 survivors (0K)
 Metaspace       used 59198K, committed 59584K, reserved 1114112K
  class space    used 7389K, committed 7552K, reserved 1048576K
}
Event: 14961.080 GC heap after
{Heap after GC invocations=1015 (full 951):
 garbage-first heap   total 102400K, used 30512K [0x00000000c0000000, 0x0000000100000000)
  region size 1024K, 0 young (0K), 0 survivors (0K)
 Metaspace       used 59198K, committed 59584K, reserved 1114112K
  class space    used 7389K, committed 7552K, reserved 1048576K
}
Event: 14971.215 GC heap before
{Heap before GC invocations=1015 (full 951):
 garbage-first heap   total 102400K, used 30512K [0x00000000c0000000, 0x0000000100000000)
  region size 1024K, 1 young (1024K), 0 survivors (0K)
 Metaspace       used 59198K, committed 59584K, reserved 1114112K
  class space    used 7389K, committed 7552K, reserved 1048576K
}
Event: 14971.250 GC heap after
{Heap after GC invocations=1016 (full 952):
 garbage-first heap   total 102400K, used 30512K [0x00000000c0000000, 0x0000000100000000)
  region size 1024K, 0 young (0K), 0 survivors (0K)
 Metaspace       used 59198K, committed 59584K, reserved 1114112K
  class space    used 7389K, committed 7552K, reserved 1048576K
}

